<?xml version="1.0" encoding="UTF-8"?>
<!-- Generated by org.testng.reporters.JUnitXMLReporter -->
<testsuite hostname="TW-577" ignored="0" name="Test" tests="1" failures="0" timestamp="12 Aug 2019 10:47:31 GMT" time="0.053" errors="0">
  <testcase name="@BeforeClass setUpClass" time="0.031" classname="testRunners.MainRunner">
    <failure type="java.lang.NoSuchMethodError" message="cucumber.runtime.RuntimeOptions.reporter(Ljava/lang/ClassLoader;)Lgherkin/formatter/Reporter;">
      <![CDATA[java.lang.NoSuchMethodError: cucumber.runtime.RuntimeOptions.reporter(Ljava/lang/ClassLoader;)Lgherkin/formatter/Reporter;
at cucumber.api.testng.TestNGCucumberRunner.<init>(TestNGCucumberRunner.java:41)
at testRunners.MainRunner.setUpClass(MainRunner.java:25)
... Removed 26 stack frames]]>
    </failure>
  </testcase> <!-- @BeforeClass setUpClass -->
  <testcase name="@AfterClass tearDownClass" time="0.0" classname="testRunners.MainRunner">
    <skipped/>
  </testcase> <!-- @AfterClass tearDownClass -->
  <testcase name="feature" time="0.0" classname="testRunners.MainRunner">
    <skipped/>
  </testcase> <!-- feature -->
</testsuite> <!-- Test -->
