<?xml version="1.0" encoding="UTF-8"?>
<testng-results skipped="0" failed="1" ignored="0" total="1" passed="0">
  <reporter-output>
  </reporter-output>
  <suite name="Default suite" duration-ms="6767" started-at="2019-08-12T14:15:38Z" finished-at="2019-08-12T14:15:45Z">
    <groups>
    </groups>
    <test name="Default test" duration-ms="6767" started-at="2019-08-12T14:15:38Z" finished-at="2019-08-12T14:15:45Z">
      <class name="testRunners.TestRunner">
        <test-method status="PASS" signature="setUpClass()[pri:0, instance:testRunners.TestRunner@617faa95]" name="setUpClass" is-config="true" duration-ms="91" started-at="2019-08-12T14:15:38Z" finished-at="2019-08-12T14:15:39Z">
          <reporter-output>
          </reporter-output>
        </test-method> <!-- setUpClass -->
        <test-method status="FAIL" signature="feature(cucumber.api.testng.PickleEventWrapper, cucumber.api.testng.CucumberFeatureWrapper)[pri:0, instance:testRunners.TestRunner@617faa95]" name="feature" duration-ms="6567" started-at="2019-08-12T14:15:39Z" data-provider="features" finished-at="2019-08-12T14:15:45Z">
          <params>
            <param index="0">
              <value>
                <![CDATA["Test Data Reading for the Test Cases"]]>
              </value>
            </param>
            <param index="1">
              <value>
                <![CDATA["Test Data Reading for the Test Cases"]]>
              </value>
            </param>
          </params>
          <exception class="java.lang.Exception">
            <message>
              <![CDATA[Test Data Can not find.....]]>
            </message>
            <full-stacktrace>
              <![CDATA[java.lang.Exception: Test Data Can not find.....
at utilities.ExcelHandler.getTestDataInMap(ExcelHandler.java:34)
at stepDefinitions.TestDataReadingSteps.read_Test_Data_for_TestCase_(TestDataReadingSteps.java:12)
at ✽.Read Test Data for TestCase_001(file:featureFiles/TestDataReading.feature:4)
]]>
            </full-stacktrace>
          </exception> <!-- java.lang.Exception -->
          <reporter-output>
          </reporter-output>
        </test-method> <!-- feature -->
        <test-method status="PASS" signature="tearDownClass()[pri:0, instance:testRunners.TestRunner@617faa95]" name="tearDownClass" is-config="true" duration-ms="59" started-at="2019-08-12T14:15:45Z" finished-at="2019-08-12T14:15:45Z">
          <reporter-output>
          </reporter-output>
        </test-method> <!-- tearDownClass -->
      </class> <!-- testRunners.TestRunner -->
    </test> <!-- Default test -->
  </suite> <!-- Default suite -->
</testng-results>
